<?xml version="1.0" encoding="UTF-8"?>
<!-- Generated by org.testng.reporters.JUnitXMLReporter -->
<testsuite ignored="0" hostname="VEER" failures="1" tests="10" name="Test on Edge" time="933.186" errors="0" timestamp="2024-07-03T19:03:36 IST">
  <testcase classname="amazon10ScenariosParallelTesting.Mouse" name="searchmouse" time="131.369"/>
  <testcase classname="amazon10ScenariosParallelTesting.Books" name="book" time="38.868"/>
  <testcase classname="amazon10ScenariosParallelTesting.Shoe" name="searchshoe" time="47.62"/>
  <testcase classname="amazon10ScenariosParallelTesting.MoblieCover" name="searchmobileCover" time="43.72"/>
  <testcase classname="amazon10ScenariosParallelTesting.DealsofTheDay" name="deal" time="33.182"/>
  <testcase classname="amazon10ScenariosParallelTesting.Mango" name="mango" time="13.695">
    <failure type="org.openqa.selenium.NoSuchElementException" message="Cannot locate option with text: Amazon Fresh
For documentation on this error, please visit: https://www.selenium.dev/documentation/webdriver/troubleshooting/errors#no-such-element-exception
Build info: version: &amp;apos;4.21.0&amp;apos;, revision: &amp;apos;79ed462ef4&amp;apos;
System info: os.name: &amp;apos;Windows 10&amp;apos;, os.arch: &amp;apos;amd64&amp;apos;, os.version: &amp;apos;10.0&amp;apos;, java.version: &amp;apos;17.0.10&amp;apos;
Driver info: driver.version: unknown">
      <![CDATA[org.openqa.selenium.NoSuchElementException: Cannot locate option with text: Amazon Fresh
For documentation on this error, please visit: https://www.selenium.dev/documentation/webdriver/troubleshooting/errors#no-such-element-exception
Build info: version: '4.21.0', revision: '79ed462ef4'
System info: os.name: 'Windows 10', os.arch: 'amd64', os.version: '10.0', java.version: '17.0.10'
Driver info: driver.version: unknown
at org.openqa.selenium.support.ui.Select.selectByVisibleText(Select.java:153)
at amazon10ScenariosParallelTesting.Mango.mango(Mango.java:19)
at java.base/java.util.ArrayList.forEach(ArrayList.java:1511)
at java.base/java.util.concurrent.FutureTask.run(FutureTask.java:264)
at java.base/java.util.concurrent.ThreadPoolExecutor.runWorker(ThreadPoolExecutor.java:1136)
at java.base/java.util.concurrent.ThreadPoolExecutor$Worker.run(ThreadPoolExecutor.java:635)
at java.base/java.lang.Thread.run(Thread.java:840)
... Removed 18 stack frames]]>
    </failure>
  </testcase> <!-- mango -->
  <testcase classname="amazon10ScenariosParallelTesting.Camera35" name="camera" time="65.174"/>
  <testcase classname="amazon10ScenariosParallelTesting.Search_Shoe" name="home" time="34.977"/>
  <testcase classname="amazon10ScenariosParallelTesting.Redmi" name="redmicheck" time="45.08"/>
  <testcase classname="amazon10ScenariosParallelTesting.Mobile" name="searchmobile" time="37.484"/>
</testsuite> <!-- Test on Edge -->
