<html>
<head>
<title>TestNG:  Test on Edge</title>
<link href="../testng.css" rel="stylesheet" type="text/css" />
<link href="../my-testng.css" rel="stylesheet" type="text/css" />

<style type="text/css">
.log { display: none;} 
.stack-trace { display: none;} 
</style>
<script type="text/javascript">
<!--
function flip(e) {
  current = e.style.display;
  if (current == 'block') {
    e.style.display = 'none';
    return 0;
  }
  else {
    e.style.display = 'block';
    return 1;
  }
}

function toggleBox(szDivId, elem, msg1, msg2)
{
  var res = -1;  if (document.getElementById) {
    res = flip(document.getElementById(szDivId));
  }
  else if (document.all) {
    // this is the way old msie versions work
    res = flip(document.all[szDivId]);
  }
  if(elem) {
    if(res == 0) elem.innerHTML = msg1; else elem.innerHTML = msg2;
  }

}

function toggleAllBoxes() {
  if (document.getElementsByTagName) {
    d = document.getElementsByTagName('div');
    for (i = 0; i < d.length; i++) {
      if (d[i].className == 'log') {
        flip(d[i]);
      }
    }
  }
}

// -->
</script>

</head>
<body>
<h2 align='center'>Test on Edge</h2><table border='1' align="center">
<tr>
<td>Tests passed/Failed/Skipped:</td><td>9/1/0</td>
</tr><tr>
<td>Started on:</td><td>Wed Jul 03 18:48:03 IST 2024</td>
</tr>
<tr><td>Total time:</td><td>933 seconds (933186 ms)</td>
</tr><tr>
<td>Included groups:</td><td></td>
</tr><tr>
<td>Excluded groups:</td><td></td>
</tr>
</table><p/>
<small><i>(Hover the method name to see the test class name)</i></small><p/>
<table width='100%' border='1' class='invocation-failed'>
<tr><td colspan='4' align='center'><b>FAILED TESTS</b></td></tr>
<tr><td><b>Test method</b></td>
<td width="30%"><b>Exception</b></td>
<td width="10%"><b>Time (seconds)</b></td>
<td><b>Instance</b></td>
</tr>
<tr>
<td title='amazon10ScenariosParallelTesting.Mango.mango()'><b>mango</b><br>Test class: amazon10ScenariosParallelTesting.Mango</td>
<td><div><pre>org.openqa.selenium.NoSuchElementException: Cannot locate option with text: Amazon Fresh
For documentation on this error, please visit: https://www.selenium.dev/documentation/webdriver/troubleshooting/errors#no-such-element-exception
Build info: version: &apos;4.21.0&apos;, revision: &apos;79ed462ef4&apos;
System info: os.name: &apos;Windows 10&apos;, os.arch: &apos;amd64&apos;, os.version: &apos;10.0&apos;, java.version: &apos;17.0.10&apos;
Driver info: driver.version: unknown
	at org.openqa.selenium.support.ui.Select.selectByVisibleText(Select.java:153)
	at amazon10ScenariosParallelTesting.Mango.mango(Mango.java:19)
	at java.base/java.util.ArrayList.forEach(ArrayList.java:1511)
	at java.base/java.util.concurrent.FutureTask.run(FutureTask.java:264)
	at java.base/java.util.concurrent.ThreadPoolExecutor.runWorker(ThreadPoolExecutor.java:1136)
	at java.base/java.util.concurrent.ThreadPoolExecutor$Worker.run(ThreadPoolExecutor.java:635)
	at java.base/java.lang.Thread.run(Thread.java:840)
... Removed 18 stack frames</pre></div><a href='#' onClick='toggleBox("stack-trace1518921381", this, "Click to show all stack frames", "Click to hide stack frames")'>Click to show all stack frames</a>
<div class='stack-trace' id='stack-trace1518921381'><pre>org.openqa.selenium.NoSuchElementException: Cannot locate option with text: Amazon Fresh
For documentation on this error, please visit: https://www.selenium.dev/documentation/webdriver/troubleshooting/errors#no-such-element-exception
Build info: version: &apos;4.21.0&apos;, revision: &apos;79ed462ef4&apos;
System info: os.name: &apos;Windows 10&apos;, os.arch: &apos;amd64&apos;, os.version: &apos;10.0&apos;, java.version: &apos;17.0.10&apos;
Driver info: driver.version: unknown
	at org.openqa.selenium.support.ui.Select.selectByVisibleText(Select.java:153)
	at amazon10ScenariosParallelTesting.Mango.mango(Mango.java:19)
	at java.base/jdk.internal.reflect.NativeMethodAccessorImpl.invoke0(Native Method)
	at java.base/jdk.internal.reflect.NativeMethodAccessorImpl.invoke(NativeMethodAccessorImpl.java:77)
	at java.base/jdk.internal.reflect.DelegatingMethodAccessorImpl.invoke(DelegatingMethodAccessorImpl.java:43)
	at java.base/java.lang.reflect.Method.invoke(Method.java:568)
	at org.testng.internal.MethodInvocationHelper.invokeMethod(MethodInvocationHelper.java:133)
	at org.testng.internal.TestInvoker.invokeMethod(TestInvoker.java:598)
	at org.testng.internal.TestInvoker.invokeTestMethod(TestInvoker.java:173)
	at org.testng.internal.MethodRunner.runInSequence(MethodRunner.java:46)
	at org.testng.internal.TestInvoker$MethodInvocationAgent.invoke(TestInvoker.java:824)
	at org.testng.internal.TestInvoker.invokeTestMethods(TestInvoker.java:146)
	at org.testng.internal.TestMethodWorker.invokeTestMethods(TestMethodWorker.java:146)
	at org.testng.internal.TestMethodWorker.run(TestMethodWorker.java:128)
	at java.base/java.util.ArrayList.forEach(ArrayList.java:1511)
	at org.testng.TestRunner.privateRun(TestRunner.java:794)
	at org.testng.TestRunner.run(TestRunner.java:596)
	at org.testng.SuiteRunner.runTest(SuiteRunner.java:377)
	at org.testng.SuiteRunner.access$000(SuiteRunner.java:28)
	at org.testng.SuiteRunner$SuiteWorker.run(SuiteRunner.java:418)
	at org.testng.internal.thread.ThreadUtil.lambda$execute$0(ThreadUtil.java:64)
	at java.base/java.util.concurrent.FutureTask.run(FutureTask.java:264)
	at java.base/java.util.concurrent.ThreadPoolExecutor.runWorker(ThreadPoolExecutor.java:1136)
	at java.base/java.util.concurrent.ThreadPoolExecutor$Worker.run(ThreadPoolExecutor.java:635)
	at java.base/java.lang.Thread.run(Thread.java:840)
</pre></div></td>
<td>13</td>
<td>amazon10ScenariosParallelTesting.Mango@942a29c</td></tr>
</table><p>
<table width='100%' border='1' class='invocation-passed'>
<tr><td colspan='4' align='center'><b>PASSED TESTS</b></td></tr>
<tr><td><b>Test method</b></td>
<td width="30%"><b>Exception</b></td>
<td width="10%"><b>Time (seconds)</b></td>
<td><b>Instance</b></td>
</tr>
<tr>
<td title='amazon10ScenariosParallelTesting.Camera35.camera()'><b>camera</b><br>Test class: amazon10ScenariosParallelTesting.Camera35</td>
<td></td>
<td>65</td>
<td>amazon10ScenariosParallelTesting.Camera35@1ed6388a</td></tr>
<tr>
<td title='amazon10ScenariosParallelTesting.Mobile.searchmobile()'><b>searchmobile</b><br>Test class: amazon10ScenariosParallelTesting.Mobile</td>
<td></td>
<td>37</td>
<td>amazon10ScenariosParallelTesting.Mobile@4f80542f</td></tr>
<tr>
<td title='amazon10ScenariosParallelTesting.Redmi.redmicheck()'><b>redmicheck</b><br>Test class: amazon10ScenariosParallelTesting.Redmi</td>
<td></td>
<td>45</td>
<td>amazon10ScenariosParallelTesting.Redmi@534a5a98</td></tr>
<tr>
<td title='amazon10ScenariosParallelTesting.DealsofTheDay.deal()'><b>deal</b><br>Test class: amazon10ScenariosParallelTesting.DealsofTheDay</td>
<td></td>
<td>33</td>
<td>amazon10ScenariosParallelTesting.DealsofTheDay@3527942a</td></tr>
<tr>
<td title='amazon10ScenariosParallelTesting.Shoe.searchshoe()'><b>searchshoe</b><br>Test class: amazon10ScenariosParallelTesting.Shoe</td>
<td></td>
<td>47</td>
<td>amazon10ScenariosParallelTesting.Shoe@242b836</td></tr>
<tr>
<td title='amazon10ScenariosParallelTesting.Mouse.searchmouse()'><b>searchmouse</b><br>Test class: amazon10ScenariosParallelTesting.Mouse</td>
<td></td>
<td>131</td>
<td>amazon10ScenariosParallelTesting.Mouse@771a660</td></tr>
<tr>
<td title='amazon10ScenariosParallelTesting.Search_Shoe.home()'><b>home</b><br>Test class: amazon10ScenariosParallelTesting.Search_Shoe</td>
<td></td>
<td>34</td>
<td>amazon10ScenariosParallelTesting.Search_Shoe@5a45133e</td></tr>
<tr>
<td title='amazon10ScenariosParallelTesting.Books.book()'><b>book</b><br>Test class: amazon10ScenariosParallelTesting.Books</td>
<td></td>
<td>38</td>
<td>amazon10ScenariosParallelTesting.Books@2d52216b</td></tr>
<tr>
<td title='amazon10ScenariosParallelTesting.MoblieCover.searchmobileCover()'><b>searchmobileCover</b><br>Test class: amazon10ScenariosParallelTesting.MoblieCover</td>
<td></td>
<td>43</td>
<td>amazon10ScenariosParallelTesting.MoblieCover@3f6f6701</td></tr>
</table><p>
</body>
</html>